This is pdfTeX, Version 3.1415926-2.4-1.40.13 (MiKTeX 2.9 64-bit) (preloaded format=pdflatex 2013.11.30)  14 FEB 2015 18:25
entering extended mode
**article.tex

("C:\Papers to publish\CIT Journal of Computing and Information Technology\arti
cle.tex"
LaTeX2e <2011/06/27>
Babel <v3.8m> and hyphenation patterns for english, afrikaans, ancientgreek, ar
abic, armenian, assamese, basque, bengali, bokmal, bulgarian, catalan, coptic, 
croatian, czech, danish, dutch, esperanto, estonian, farsi, finnish, french, ga
lician, german, german-x-2012-05-30, greek, gujarati, hindi, hungarian, iceland
ic, indonesian, interlingua, irish, italian, kannada, kurmanji, latin, latvian,
 lithuanian, malayalam, marathi, mongolian, mongolianlmc, monogreek, ngerman, n
german-x-2012-05-30, nynorsk, oriya, panjabi, pinyin, polish, portuguese, roman
ian, russian, sanskrit, serbian, slovak, slovenian, spanish, swedish, swissgerm
an, tamil, telugu, turkish, turkmen, ukenglish, ukrainian, uppersorbian, usengl
ishmax, welsh, loaded.
("C:\Program Files\MiKTeX 2.9\tex\latex\base\article.cls"
Document Class: article 2007/10/19 v1.4h Standard LaTeX document class
("C:\Program Files\MiKTeX 2.9\tex\latex\base\size12.clo"
File: size12.clo 2007/10/19 v1.4h Standard LaTeX file (size option)
)
\c@part=\count79
\c@section=\count80
\c@subsection=\count81
\c@subsubsection=\count82
\c@paragraph=\count83
\c@subparagraph=\count84
\c@figure=\count85
\c@table=\count86
\abovecaptionskip=\skip41
\belowcaptionskip=\skip42
\bibindent=\dimen102
)
("C:\Program Files\MiKTeX 2.9\tex\latex\geometry\geometry.sty"
Package: geometry 2010/09/12 v5.6 Page Geometry

("C:\Program Files\MiKTeX 2.9\tex\latex\graphics\keyval.sty"
Package: keyval 1999/03/16 v1.13 key=value parser (DPC)
\KV@toks@=\toks14
)
("C:\Program Files\MiKTeX 2.9\tex\generic\oberdiek\ifpdf.sty"
Package: ifpdf 2011/01/30 v2.3 Provides the ifpdf switch (HO)
Package ifpdf Info: pdfTeX in PDF mode is detected.
)
("C:\Program Files\MiKTeX 2.9\tex\generic\oberdiek\ifvtex.sty"
Package: ifvtex 2010/03/01 v1.5 Detect VTeX and its facilities (HO)
Package ifvtex Info: VTeX not detected.
)
("C:\Program Files\MiKTeX 2.9\tex\generic\ifxetex\ifxetex.sty"
Package: ifxetex 2010/09/12 v0.6 Provides ifxetex conditional
)
\Gm@cnth=\count87
\Gm@cntv=\count88
\c@Gm@tempcnt=\count89
\Gm@bindingoffset=\dimen103
\Gm@wd@mp=\dimen104
\Gm@odd@mp=\dimen105
\Gm@even@mp=\dimen106
\Gm@layoutwidth=\dimen107
\Gm@layoutheight=\dimen108
\Gm@layouthoffset=\dimen109
\Gm@layoutvoffset=\dimen110
\Gm@dimlist=\toks15

("C:\Program Files\MiKTeX 2.9\tex\latex\geometry\geometry.cfg"))
("C:\Program Files\MiKTeX 2.9\tex\latex\graphics\graphicx.sty"
Package: graphicx 1999/02/16 v1.0f Enhanced LaTeX Graphics (DPC,SPQR)

("C:\Program Files\MiKTeX 2.9\tex\latex\graphics\graphics.sty"
Package: graphics 2009/02/05 v1.0o Standard LaTeX Graphics (DPC,SPQR)

("C:\Program Files\MiKTeX 2.9\tex\latex\graphics\trig.sty"
Package: trig 1999/03/16 v1.09 sin cos tan (DPC)
)
("C:\Program Files\MiKTeX 2.9\tex\latex\00miktex\graphics.cfg"
File: graphics.cfg 2007/01/18 v1.5 graphics configuration of teTeX/TeXLive
)
Package graphics Info: Driver file: pdftex.def on input line 91.

("C:\Program Files\MiKTeX 2.9\tex\latex\pdftex-def\pdftex.def"
File: pdftex.def 2011/05/27 v0.06d Graphics/color for pdfTeX

("C:\Program Files\MiKTeX 2.9\tex\generic\oberdiek\infwarerr.sty"
Package: infwarerr 2010/04/08 v1.3 Providing info/warning/error messages (HO)
)
("C:\Program Files\MiKTeX 2.9\tex\generic\oberdiek\ltxcmds.sty"
Package: ltxcmds 2011/11/09 v1.22 LaTeX kernel commands for general use (HO)
)
\Gread@gobject=\count90
))
\Gin@req@height=\dimen111
\Gin@req@width=\dimen112
)
("C:\Program Files\MiKTeX 2.9\tex\latex\psnfss\mathptmx.sty"
Package: mathptmx 2005/04/12 PSNFSS-v9.2a Times w/ Math, improved (SPQR, WaS) 
LaTeX Font Info:    Redeclaring symbol font `operators' on input line 28.
LaTeX Font Info:    Overwriting symbol font `operators' in version `normal'
(Font)                  OT1/cmr/m/n --> OT1/ztmcm/m/n on input line 28.
LaTeX Font Info:    Overwriting symbol font `operators' in version `bold'
(Font)                  OT1/cmr/bx/n --> OT1/ztmcm/m/n on input line 28.
LaTeX Font Info:    Redeclaring symbol font `letters' on input line 29.
LaTeX Font Info:    Overwriting symbol font `letters' in version `normal'
(Font)                  OML/cmm/m/it --> OML/ztmcm/m/it on input line 29.
LaTeX Font Info:    Overwriting symbol font `letters' in version `bold'
(Font)                  OML/cmm/b/it --> OML/ztmcm/m/it on input line 29.
LaTeX Font Info:    Redeclaring symbol font `symbols' on input line 30.
LaTeX Font Info:    Overwriting symbol font `symbols' in version `normal'
(Font)                  OMS/cmsy/m/n --> OMS/ztmcm/m/n on input line 30.
LaTeX Font Info:    Overwriting symbol font `symbols' in version `bold'
(Font)                  OMS/cmsy/b/n --> OMS/ztmcm/m/n on input line 30.
LaTeX Font Info:    Redeclaring symbol font `largesymbols' on input line 31.
LaTeX Font Info:    Overwriting symbol font `largesymbols' in version `normal'
(Font)                  OMX/cmex/m/n --> OMX/ztmcm/m/n on input line 31.
LaTeX Font Info:    Overwriting symbol font `largesymbols' in version `bold'
(Font)                  OMX/cmex/m/n --> OMX/ztmcm/m/n on input line 31.
\symbold=\mathgroup4
\symitalic=\mathgroup5
LaTeX Font Info:    Redeclaring math alphabet \mathbf on input line 34.
LaTeX Font Info:    Overwriting math alphabet `\mathbf' in version `normal'
(Font)                  OT1/cmr/bx/n --> OT1/ptm/bx/n on input line 34.
LaTeX Font Info:    Overwriting math alphabet `\mathbf' in version `bold'
(Font)                  OT1/cmr/bx/n --> OT1/ptm/bx/n on input line 34.
LaTeX Font Info:    Redeclaring math alphabet \mathit on input line 35.
LaTeX Font Info:    Overwriting math alphabet `\mathit' in version `normal'
(Font)                  OT1/cmr/m/it --> OT1/ptm/m/it on input line 35.
LaTeX Font Info:    Overwriting math alphabet `\mathit' in version `bold'
(Font)                  OT1/cmr/bx/it --> OT1/ptm/m/it on input line 35.
LaTeX Info: Redefining \hbar on input line 50.
)
("C:\Program Files\MiKTeX 2.9\tex\latex\abstract\abstract.sty"
Package: abstract 2009/06/08 v1.2a configurable abstracts
\abstitleskip=\skip43
\absleftindent=\skip44
\absrightindent=\skip45
\absparindent=\skip46
\absparsep=\skip47
)
("C:\Program Files\MiKTeX 2.9\tex\latex\amsfonts\amssymb.sty"
Package: amssymb 2013/01/14 v3.01 AMS font symbols

("C:\Program Files\MiKTeX 2.9\tex\latex\amsfonts\amsfonts.sty"
Package: amsfonts 2013/01/14 v3.01 Basic AMSFonts support
\@emptytoks=\toks16
\symAMSa=\mathgroup6
\symAMSb=\mathgroup7
LaTeX Font Info:    Overwriting math alphabet `\mathfrak' in version `bold'
(Font)                  U/euf/m/n --> U/euf/b/n on input line 106.
))
("C:\Program Files\MiKTeX 2.9\tex\latex\booktabs\booktabs.sty"
Package: booktabs 2005/04/14 v1.61803 publication quality tables
\heavyrulewidth=\dimen113
\lightrulewidth=\dimen114
\cmidrulewidth=\dimen115
\belowrulesep=\dimen116
\belowbottomsep=\dimen117
\aboverulesep=\dimen118
\abovetopsep=\dimen119
\cmidrulesep=\dimen120
\cmidrulekern=\dimen121
\defaultaddspace=\dimen122
\@cmidla=\count91
\@cmidlb=\count92
\@aboverulesep=\dimen123
\@belowrulesep=\dimen124
\@thisruleclass=\count93
\@lastruleclass=\count94
\@thisrulewidth=\dimen125
)
("C:\Program Files\MiKTeX 2.9\tex\latex\amsmath\amsmath.sty"
Package: amsmath 2013/01/14 v2.14 AMS math features
\@mathmargin=\skip48

For additional information on amsmath, use the `?' option.
("C:\Program Files\MiKTeX 2.9\tex\latex\amsmath\amstext.sty"
Package: amstext 2000/06/29 v2.01

("C:\Program Files\MiKTeX 2.9\tex\latex\amsmath\amsgen.sty"
File: amsgen.sty 1999/11/30 v2.0
\@emptytoks=\toks17
\ex@=\dimen126
))
("C:\Program Files\MiKTeX 2.9\tex\latex\amsmath\amsbsy.sty"
Package: amsbsy 1999/11/29 v1.2d
\pmbraise@=\dimen127
)
("C:\Program Files\MiKTeX 2.9\tex\latex\amsmath\amsopn.sty"
Package: amsopn 1999/12/14 v2.01 operator names
)
\inf@bad=\count95
LaTeX Info: Redefining \frac on input line 210.
\uproot@=\count96
\leftroot@=\count97
LaTeX Info: Redefining \overline on input line 306.
\classnum@=\count98
\DOTSCASE@=\count99
LaTeX Info: Redefining \ldots on input line 378.
LaTeX Info: Redefining \dots on input line 381.
LaTeX Info: Redefining \cdots on input line 466.
\Mathstrutbox@=\box26
\strutbox@=\box27
\big@size=\dimen128
LaTeX Font Info:    Redeclaring font encoding OML on input line 566.
LaTeX Font Info:    Redeclaring font encoding OMS on input line 567.
\macc@depth=\count100
\c@MaxMatrixCols=\count101
\dotsspace@=\muskip10
\c@parentequation=\count102
\dspbrk@lvl=\count103
\tag@help=\toks18
\row@=\count104
\column@=\count105
\maxfields@=\count106
\andhelp@=\toks19
\eqnshift@=\dimen129
\alignsep@=\dimen130
\tagshift@=\dimen131
\tagwidth@=\dimen132
\totwidth@=\dimen133
\lineht@=\dimen134
\@envbody=\toks20
\multlinegap=\skip49
\multlinetaggap=\skip50
\mathdisplay@stack=\toks21
LaTeX Info: Redefining \[ on input line 2665.
LaTeX Info: Redefining \] on input line 2666.
)
("C:\Program Files\MiKTeX 2.9\tex\latex\algorithms\algorithm.sty"
Package: algorithm 2009/08/24 v0.1 Document Style `algorithm' - floating enviro
nment

("C:\Program Files\MiKTeX 2.9\tex\latex\float\float.sty"
Package: float 2001/11/08 v1.3d Float enhancements (AL)
\c@float@type=\count107
\float@exts=\toks22
\float@box=\box28
\@float@everytoks=\toks23
\@floatcapt=\box29
)
("C:\Program Files\MiKTeX 2.9\tex\latex\base\ifthen.sty"
Package: ifthen 2001/05/26 v1.1c Standard LaTeX ifthen package (DPC)
)
\@float@every@algorithm=\toks24
\c@algorithm=\count108
)
("C:\Program Files\MiKTeX 2.9\tex\latex\algorithmicx\algpseudocode.sty"
Package: algpseudocode 

("C:\Program Files\MiKTeX 2.9\tex\latex\algorithmicx\algorithmicx.sty"
Package: algorithmicx 2005/04/27 v1.2 Algorithmicx

Document Style algorithmicx 1.2 - a greatly improved `algorithmic' style
\c@ALG@line=\count109
\c@ALG@rem=\count110
\c@ALG@nested=\count111
\ALG@tlm=\skip51
\ALG@thistlm=\skip52
\c@ALG@Lnr=\count112
\c@ALG@blocknr=\count113
\c@ALG@storecount=\count114
\c@ALG@tmpcounter=\count115
\ALG@tmplength=\skip53
)
Document Style - pseudocode environments for use with the `algorithmicx' style
) ("C:\Program Files\MiKTeX 2.9\tex\latex\algorithmicx\algcompatible.sty"
Package: algcompatible 

Document Style - algorithmic compatible environments for the `algorithmicx' sty
le
) ("C:\Program Files\MiKTeX 2.9\tex\latex\multirow\multirow.sty"
\bigstrutjot=\dimen135
)
("C:\Program Files\MiKTeX 2.9\tex\latex\natbib\natbib.sty"
Package: natbib 2010/09/13 8.31b (PWD, AO)
\bibhang=\skip54
\bibsep=\skip55
LaTeX Info: Redefining \cite on input line 694.
\c@NAT@ctr=\count116
)
("C:\Program Files\MiKTeX 2.9\tex\latex\moresize\moresize.sty"
Package: moresize 1999/07/26 v1.9 (more font sizes)
)
("C:\Program Files\MiKTeX 2.9\tex\latex\setspace\setspace.sty"
Package: setspace 2011/12/19 v6.7a set line spacing
)
("C:\Papers to publish\CIT Journal of Computing and Information Technology\arti
cle.aux")
LaTeX Font Info:    Checking defaults for OML/cmm/m/it on input line 23.
LaTeX Font Info:    ... okay on input line 23.
LaTeX Font Info:    Checking defaults for T1/cmr/m/n on input line 23.
LaTeX Font Info:    ... okay on input line 23.
LaTeX Font Info:    Checking defaults for OT1/cmr/m/n on input line 23.
LaTeX Font Info:    ... okay on input line 23.
LaTeX Font Info:    Checking defaults for OMS/cmsy/m/n on input line 23.
LaTeX Font Info:    ... okay on input line 23.
LaTeX Font Info:    Checking defaults for OMX/cmex/m/n on input line 23.
LaTeX Font Info:    ... okay on input line 23.
LaTeX Font Info:    Checking defaults for U/cmr/m/n on input line 23.
LaTeX Font Info:    ... okay on input line 23.
LaTeX Font Info:    Try loading font information for OT1+ptm on input line 23.
 ("C:\Program Files\MiKTeX 2.9\tex\latex\psnfss\ot1ptm.fd"
File: ot1ptm.fd 2001/06/04 font definitions for OT1/ptm.
)
*geometry* driver: auto-detecting
*geometry* detected driver: pdftex
*geometry* verbose mode - [ preamble ] result:
* driver: pdftex
* paper: a4paper
* layout: <same size as paper>
* layoutoffset:(h,v)=(0.0pt,0.0pt)
* modes: 
* h-part:(L,W,R)=(61.42993pt, 474.64801pt, 61.42993pt)
* v-part:(T,H,B)=(79.49744pt, 693.27942pt, 72.26999pt)
* \paperwidth=597.50787pt
* \paperheight=845.04684pt
* \textwidth=474.64801pt
* \textheight=693.27942pt
* \oddsidemargin=-10.84006pt
* \evensidemargin=-10.84006pt
* \topmargin=-29.77255pt
* \headheight=12.0pt
* \headsep=25.0pt
* \topskip=12.0pt
* \footskip=30.0pt
* \marginparwidth=4.0pt
* \marginparsep=10.0pt
* \columnsep=20.0pt
* \skip\footins=10.8pt plus 4.0pt minus 2.0pt
* \hoffset=0.0pt
* \voffset=0.0pt
* \mag=1000
* \@twocolumntrue
* \@twosidefalse
* \@mparswitchfalse
* \@reversemarginfalse
* (1in=72.27pt=25.4mm, 1cm=28.453pt)

("C:\Program Files\MiKTeX 2.9\tex\context\base\supp-pdf.mkii"
[Loading MPS to PDF converter (version 2006.09.02).]
\scratchcounter=\count117
\scratchdimen=\dimen136
\scratchbox=\box30
\nofMPsegments=\count118
\nofMParguments=\count119
\everyMPshowfont=\toks25
\MPscratchCnt=\count120
\MPscratchDim=\dimen137
\MPnumerator=\count121
\makeMPintoPDFobject=\count122
\everyMPtoPDFconversion=\toks26
)
LaTeX Font Info:    Font shape `OT1/ptm/bx/n' in size <24.88> not available
(Font)              Font shape `OT1/ptm/b/n' tried instead on input line 34.
LaTeX Font Info:    Try loading font information for OT1+ztmcm on input line 34
.
 ("C:\Program Files\MiKTeX 2.9\tex\latex\psnfss\ot1ztmcm.fd"
File: ot1ztmcm.fd 2000/01/03 Fontinst v1.801 font definitions for OT1/ztmcm.
)
LaTeX Font Info:    Try loading font information for OML+ztmcm on input line 34
.

("C:\Program Files\MiKTeX 2.9\tex\latex\psnfss\omlztmcm.fd"
File: omlztmcm.fd 2000/01/03 Fontinst v1.801 font definitions for OML/ztmcm.
)
LaTeX Font Info:    Try loading font information for OMS+ztmcm on input line 34
.

("C:\Program Files\MiKTeX 2.9\tex\latex\psnfss\omsztmcm.fd"
File: omsztmcm.fd 2000/01/03 Fontinst v1.801 font definitions for OMS/ztmcm.
)
LaTeX Font Info:    Try loading font information for OMX+ztmcm on input line 34
.

("C:\Program Files\MiKTeX 2.9\tex\latex\psnfss\omxztmcm.fd"
File: omxztmcm.fd 2000/01/03 Fontinst v1.801 font definitions for OMX/ztmcm.
)
LaTeX Font Info:    Font shape `OT1/ptm/bx/n' in size <14.4> not available
(Font)              Font shape `OT1/ptm/b/n' tried instead on input line 34.
LaTeX Font Info:    Font shape `OT1/ptm/bx/n' in size <10.95> not available
(Font)              Font shape `OT1/ptm/b/n' tried instead on input line 34.
LaTeX Font Info:    Font shape `OT1/ptm/bx/n' in size <8> not available
(Font)              Font shape `OT1/ptm/b/n' tried instead on input line 34.


LaTeX Warning: No \author given.

LaTeX Font Info:    Font shape `OT1/ptm/bx/n' in size <6> not available
(Font)              Font shape `OT1/ptm/b/n' tried instead on input line 40.
LaTeX Font Info:    Font shape `OT1/ptm/bx/n' in size <5> not available
(Font)              Font shape `OT1/ptm/b/n' tried instead on input line 40.

Underfull \hbox (badness 5878) in paragraph at lines 39--44
\OT1/ptm/m/n/8 by treat-ing bi-nary bits dif-fer-ently con-sid-er-ing re-quire-
ment of
 []


Underfull \hbox (badness 2142) in paragraph at lines 39--44
\OT1/ptm/m/n/8 con-sid-er-ing ap-proach (CCA), by ap-ply-ing ge-netic al-go-rit
hm for
 []


Underfull \hbox (badness 1590) in paragraph at lines 39--44
\OT1/ptm/m/n/8 The ex-per-i-ments yield that the pro-posed ap-proach im-proves 
the
 []


Underfull \hbox (badness 10000) in paragraph at lines 39--44

 []


Underfull \hbox (badness 3907) in paragraph at lines 39--44
\OT1/ptm/m/it/8 Keywords: \OT1/ptm/m/n/8 Data Com-pres-sion, Huff-man Code, Ge-
netic Al-go-
 []

LaTeX Font Info:    Font shape `OT1/ptm/bx/n' in size <17.28> not available
(Font)              Font shape `OT1/ptm/b/n' tried instead on input line 46.

Underfull \hbox (badness 1286) in paragraph at lines 48--49
\OT1/ptm/m/n/12 In the re-cent years, ap-pli-ca-tion of battery-
 []

LaTeX Font Info:    Font shape `OT1/ptm/bx/n' in size <12> not available
(Font)              Font shape `OT1/ptm/b/n' tried instead on input line 50.
LaTeX Font Info:    Font shape `OT1/ptm/bx/n' in size <9> not available
(Font)              Font shape `OT1/ptm/b/n' tried instead on input line 50.
LaTeX Font Info:    Font shape `OT1/ptm/bx/n' in size <7> not available
(Font)              Font shape `OT1/ptm/b/n' tried instead on input line 50.

Underfull \vbox (badness 2384) has occurred while \output is active []

 [1{C:/ProgramData/MiKTeX/2.9/pdftex/config/pdftex.map}


] [2]
Underfull \hbox (badness 2503) in paragraph at lines 94--98
\OT1/ptm/m/n/12 length en-cod-ing schemes such as Golomb
 []


Underfull \hbox (badness 1033) in paragraph at lines 103--106
$[]$ \OT1/ptm/m/n/12 are prefix-free, whereas
 []

[3]
Overfull \hbox (4.17897pt too wide) in paragraph at lines 115--136
 [][] 
 []


Underfull \hbox (badness 1215) in paragraph at lines 138--140
[]\OT1/ptm/m/n/12 There are many other vari-ants of Huff-man
 []


Underfull \hbox (badness 2401) in paragraph at lines 145--146
\OT1/ptm/m/n/12 a polypep-tide (pro-tein) which is a set of
 []

<Images/Drawing3_1.jpg, id=20, 605.26125pt x 709.65125pt>
File: Images/Drawing3_1.jpg Graphic file (type jpg)

<use Images/Drawing3_1.jpg>
Package pdftex.def Info: Images/Drawing3_1.jpg used on input line 149.
(pdftex.def)             Requested size: 242.1002pt x 283.85547pt.

Overfull \hbox (14.7762pt too wide) in paragraph at lines 149--150
 [] 
 []

[4]
Underfull \hbox (badness 4341) in paragraph at lines 159--159
[]\OT1/ptm/b/n/12 Algorithm 1 \OT1/ptm/m/n/12 Cost Con-sid-er-ing Al-go-rithm
 []


Underfull \hbox (badness 1005) in paragraph at lines 163--164
[]\OT1/ptm/m/n/12 Distinct sym-bols con-tained in the
 []


Overfull \hbox (10.13934pt too wide) in paragraph at lines 174--175
[] $\OML/ztmcm/m/it/12 cost[]of[]parent[]node \OMS/ztmcm/m/n/12  $  $\OML/ztmcm
/m/it/12 Dequeue []$ 
 []


Overfull \hbox (16.63286pt too wide) in paragraph at lines 176--177
[] $\OML/ztmcm/m/it/12 cost []\OT1/ztmcm/m/n/12 [ []\OML/ztmcm/m/it/12 left[]ch
ild []\OT1/ztmcm/m/n/12 ] \OMS/ztmcm/m/n/12  $ $\OML/ztmcm/m/it/12 cost[]of[]pa
rent[]node \OT1/ztmcm/m/n/12 +$
 []


Overfull \hbox (20.7491pt too wide) in paragraph at lines 178--179
[] $\OML/ztmcm/m/it/12 cost []\OT1/ztmcm/m/n/12 [ []\OML/ztmcm/m/it/12 right[]c
hild []\OT1/ztmcm/m/n/12 ] \OMS/ztmcm/m/n/12  $ $\OML/ztmcm/m/it/12 cost[]of[]p
arent[]node \OT1/ztmcm/m/n/12 +$
 []


Overfull \hbox (15.44284pt too wide) in paragraph at lines 184--185
[] $\OML/ztmcm/m/it/12 frequency\OT1/ztmcm/m/n/12 [\OML/ztmcm/m/it/12 leaf[]nod
e\OT1/ztmcm/m/n/12 ] \OMS/ztmcm/m/n/12  $ $\OML/ztmcm/m/it/12 Dequeue []$ 
 []


Overfull \hbox (14.88089pt too wide) in paragraph at lines 187--188
[] $\OML/ztmcm/m/it/12 frequency []\OT1/ztmcm/m/n/12 [ []\OML/ztmcm/m/it/12 j [
]\OT1/ztmcm/m/n/12 ] \OMS/ztmcm/m/n/12  $ $\OML/ztmcm/m/it/12 frequency []\OT1/
ztmcm/m/n/12 [ []\OML/ztmcm/m/it/12 left[]child []\OT1/ztmcm/m/n/12 ] +$
 []


Underfull \hbox (badness 2564) in paragraph at lines 191--192
[] \OT1/ptm/m/n/12 re-solve con-flict by swap-ping con-
 []


Underfull \vbox (badness 3271) has occurred while \output is active []

 [5 <C:/Papers to publish/CIT Journal of Computing and Information Technology/I
mages/Drawing3_1.jpg>]
Underfull \hbox (badness 10000) in paragraph at lines 204--208

 []


Underfull \hbox (badness 10000) in paragraph at lines 204--208
\OT1/ptm/b/n/12 Definition: \OT1/ptm/m/n/12 Given a set of codes
 []


Underfull \hbox (badness 3482) in paragraph at lines 204--208
$\OML/ztmcm/m/it/12 C \OT1/ztmcm/m/n/12 = []$\OT1/ptm/m/n/12 , and a set of fre
-quen-
 []


Underfull \hbox (badness 1783) in paragraph at lines 218--220
\OT1/ptm/m/n/12 heuristic al-go-rithm de-vel-oped by (Mitchell,
 []


Underfull \hbox (badness 1748) in paragraph at lines 218--220
\OT1/ptm/m/n/12 Firstly, se-lect two or more so-lu-tions from
 []

[6]
Underfull \vbox (badness 10000) has occurred while \output is active []


<Images/Drawing2.jpg, id=31, 794.97pt x 394.47375pt>
File: Images/Drawing2.jpg Graphic file (type jpg)
 <use Images/Drawing2.jpg>
Package pdftex.def Info: Images/Drawing2.jpg used on input line 231.
(pdftex.def)             Requested size: 222.59007pt x 110.45189pt.

<Images/Drawing_1.jpg, id=32, 658.46pt x 242.9075pt>
File: Images/Drawing_1.jpg Graphic file (type jpg)

<use Images/Drawing_1.jpg>
Package pdftex.def Info: Images/Drawing_1.jpg used on input line 239.
(pdftex.def)             Requested size: 197.53952pt x 72.8728pt.

Underfull \hbox (badness 2980) in paragraph at lines 251--252
[] \OT1/ptm/m/n/12 Crossover $\OML/ztmcm/m/it/12 S[]; S[]$ \OT1/ptm/m/n/12 to g
en-er-ate $\OML/ztmcm/m/it/12 S[]; S[]$
 []


Underfull \hbox (badness 1152) in paragraph at lines 253--254
[] \OT1/ptm/m/n/12 Val-i-date chil-dren with cost con-straint
 []


Underfull \hbox (badness 5050) in paragraph at lines 257--259
[]\OT1/ptm/b/n/12 un-til \OT1/ptm/m/n/12 Max num-ber of gen-er-a-tion not
 []

[7 <C:/Papers to publish/CIT Journal of Computing and Information Technology/Im
ages/Drawing2.jpg> <C:/Papers to publish/CIT Journal of Computing and Informati
on Technology/Images/Drawing_1.jpg>]
Underfull \hbox (badness 1442) in paragraph at lines 270--272
\OT1/ptm/m/n/12 i-cal data, these genomes were down-loaded
 []

<Images/drawing4_1.jpg, id=37, 875.27pt x 471.7625pt>
File: Images/drawing4_1.jpg Graphic file (type jpg)

<use Images/drawing4_1.jpg>
Package pdftex.def Info: Images/drawing4_1.jpg used on input line 275.
(pdftex.def)             Requested size: 227.56483pt x 122.65535pt.

Underfull \vbox (badness 1735) has occurred while \output is active []

 [8 <C:/Papers to publish/CIT Journal of Computing and Information Technology/I
mages/drawing4_1.jpg>] [9] [10]
Underfull \hbox (badness 1552) in paragraph at lines 435--436
\OT1/ptm/m/n/12 In this pa-per, we have dis-cussed how the
 []


("C:\Papers to publish\CIT Journal of Computing and Information Technology\arti
cle.bbl"
Underfull \hbox (badness 1701) in paragraph at lines 9--13
[]\OT1/ptm/m/n/12 D. Al-tenkamp and K. Mehlhorn.  Codes:
 []

[11]
Underfull \hbox (badness 1107) in paragraph at lines 64--68
\OT1/ptm/m/n/12 Equiprob-a-ble words, un-equal let-ter costs.
 []


Underfull \hbox (badness 1205) in paragraph at lines 64--68
\OT1/ptm/m/it/12 SIAM Jour-nal on Compt-ing\OT1/ptm/m/n/12 , 25(6):1281--
 []

Missing character: There is no â in font ptmr7t!
Missing character: There is no € in font ptmr7t!
Missing character: There is no ¢ in font ptmr7t!

Underfull \hbox (badness 1127) in paragraph at lines 145--150
\OT1/ptm/m/n/12 ver-sus mu-ta-tion: A com-par-a-tive anal-y-sis
 []


Underfull \hbox (badness 7362) in paragraph at lines 179--184
[]\OT1/ptm/m/n/12 C. Tzu-Hao, W. Shih-Lin, W. Wei-Jen,
 []

[12]
Missing character: There is no â in font ptmr7t!
Missing character: There is no € in font ptmr7t!
Missing character: There is no ” in font ptmr7t!

Underfull \hbox (badness 10000) in paragraph at lines 187--192
[]\OT1/ptm/m/n/12 F. Valentin, S. Squiz-zato, M. Gou-jon,
 []


Underfull \hbox (badness 1509) in paragraph at lines 187--192
\OT1/ptm/m/n/12 H. McWilliam, J. Paern, and R. Lopez.
 []


Underfull \hbox (badness 1163) in paragraph at lines 187--192
\OT1/ptm/m/n/12 Fast and ef-fi-cient search-ing of bi-o-log-i-cal
 []


Underfull \hbox (badness 1048) in paragraph at lines 194--199
[]\OT1/ptm/m/n/12 B. Varn.  Op-ti-mal vari-able length codes -
 []

) [13

]
("C:\Papers to publish\CIT Journal of Computing and Information Technology\arti
cle.aux") ) 
Here is how much of TeX's memory you used:
 4087 strings out of 493921
 54547 string characters out of 3147281
 141786 words of memory out of 3000000
 7278 multiletter control sequences out of 15000+200000
 58832 words of font info for 128 fonts, out of 3000000 for 9000
 841 hyphenation exceptions out of 8191
 27i,13n,26p,1797b,281s stack positions out of 5000i,500n,10000p,200000b,50000s
{C:/Program Files/MiKTeX 2.9/fonts/enc/dvips/fontname/8r.enc}<C:/Pro
gram Files/MiKTeX 2.9/fonts/type1/public/amsfonts/cm/cmex10.pfb><C:/Program Fil
es/MiKTeX 2.9/fonts/type1/public/amsfonts/cm/cmmi10.pfb><C:/Program Files/MiKTe
X 2.9/fonts/type1/public/amsfonts/cm/cmr10.pfb><C:/Program Files/MiKTeX 2.9/fon
ts/type1/public/amsfonts/cm/cmsy10.pfb><C:/Program Files/MiKTeX 2.9/fonts/type1
/public/amsfonts/symbols/msam10.pfb><C:/Program Files/MiKTeX 2.9/fonts/type1/ur
w/symbol/usyr.pfb><C:/Program Files/MiKTeX 2.9/fonts/type1/urw/symbol/usyr.pfb>
<C:/Program Files/MiKTeX 2.9/fonts/type1/urw/times/utmb8a.pfb><C:/Program Files
/MiKTeX 2.9/fonts/type1/urw/times/utmr8a.pfb><C:/Program Files/MiKTeX 2.9/fonts
/type1/urw/times/utmri8a.pfb>
Output written on article.pdf (13 pages, 475381 bytes).
PDF statistics:
 90 PDF objects out of 1000 (max. 8388607)
 0 named destinations out of 1000 (max. 500000)
 21 words of extra memory for PDF output out of 10000 (max. 10000000)

