This is pdfTeX, Version 3.1415926-2.4-1.40.13 (MiKTeX 2.9 64-bit) (preloaded format=pdflatex 2013.9.27)  5 JUN 2015 14:49
entering extended mode
**manuscript.tex

("C:\Users\456388.NET\OneDrive\Paper to Publish\new plan with yusuf\Sohag-Proje
ct\International Journal of Information and Communication Technology\Our Manusc
ript\manuscript.tex"
LaTeX2e <2011/06/27>
Babel <v3.8m> and hyphenation patterns for english, afrikaans, ancientgreek, ar
abic, armenian, assamese, basque, bengali, bokmal, bulgarian, catalan, coptic, 
croatian, czech, danish, dutch, esperanto, estonian, farsi, finnish, french, ga
lician, german, german-x-2012-05-30, greek, gujarati, hindi, hungarian, iceland
ic, indonesian, interlingua, irish, italian, kannada, kurmanji, latin, latvian,
 lithuanian, malayalam, marathi, mongolian, mongolianlmc, monogreek, ngerman, n
german-x-2012-05-30, nynorsk, oriya, panjabi, pinyin, polish, portuguese, roman
ian, russian, sanskrit, serbian, slovak, slovenian, spanish, swedish, swissgerm
an, tamil, telugu, turkish, turkmen, ukenglish, ukrainian, uppersorbian, usengl
ishmax, welsh, loaded.

("C:\Users\456388.NET\OneDrive\Paper to Publish\new plan with yusuf\Sohag-Proje
ct\International Journal of Information and Communication Technology\Our Manusc
ript\singlecol-new.cls"

LaTeX Warning: You have requested document class `singlecol-new',
               but the document class provides `singlecol'.

Document Class: singlecol 1998/05/05 v1.3y Standard LaTeX document class
(C:\Users\456388.NET\AppData\Roaming\MiKTeX\2.9\tex\latex\epsf\epsf.sty
This is `epsf.tex' v2.7.4 <14 February 2011>
\epsffilein=\read1
\epsfframemargin=\dimen102
\epsfframethickness=\dimen103
\epsfrsize=\dimen104
\epsftmp=\dimen105
\epsftsize=\dimen106
\epsfxsize=\dimen107
\epsfysize=\dimen108
\pspoints=\dimen109
) ("C:\Program Files\MiKTeX 2.9\tex\latex\base\ifthen.sty"
Package: ifthen 2001/05/26 v1.1c Standard LaTeX ifthen package (DPC)
)
("C:\Program Files\MiKTeX 2.9\tex\latex\tools\dcolumn.sty"
Package: dcolumn 2001/05/28 v1.06 decimal alignment package (DPC)

("C:\Program Files\MiKTeX 2.9\tex\latex\tools\array.sty"
Package: array 2008/09/09 v2.4c Tabular extension package (FMi)
\col@sep=\dimen110
\extrarowheight=\dimen111
\NC@list=\toks14
\extratabsurround=\skip41
\backup@length=\skip42
))
("C:\Program Files\MiKTeX 2.9\tex\latex\graphics\graphics.sty"
Package: graphics 2009/02/05 v1.0o Standard LaTeX Graphics (DPC,SPQR)

("C:\Program Files\MiKTeX 2.9\tex\latex\graphics\trig.sty"
Package: trig 1999/03/16 v1.09 sin cos tan (DPC)
)
("C:\Program Files\MiKTeX 2.9\tex\latex\00miktex\graphics.cfg"
File: graphics.cfg 2007/01/18 v1.5 graphics configuration of teTeX/TeXLive
)
Package graphics Info: Driver file: pdftex.def on input line 91.

("C:\Program Files\MiKTeX 2.9\tex\latex\pdftex-def\pdftex.def"
File: pdftex.def 2011/05/27 v0.06d Graphics/color for pdfTeX

("C:\Program Files\MiKTeX 2.9\tex\generic\oberdiek\infwarerr.sty"
Package: infwarerr 2010/04/08 v1.3 Providing info/warning/error messages (HO)
)
("C:\Program Files\MiKTeX 2.9\tex\generic\oberdiek\ltxcmds.sty"
Package: ltxcmds 2011/11/09 v1.22 LaTeX kernel commands for general use (HO)
)
\Gread@gobject=\count79
))
("C:\Program Files\MiKTeX 2.9\tex\latex\base\leqno.sty"

LaTeX Warning: inputting `leqno.clo' instead of obsolete `leqno.sty'.

("C:\Program Files\MiKTeX 2.9\tex\latex\base\leqno.clo"
File: leqno.clo 1998/08/17 v1.1c Standard LaTeX option (left equation numbers)
))
("C:\Program Files\MiKTeX 2.9\tex\latex\tools\calc.sty"
Package: calc 2007/08/22 v4.3 Infix arithmetic (KKT,FJ)
\calc@Acount=\count80
\calc@Bcount=\count81
\calc@Adimen=\dimen112
\calc@Bdimen=\dimen113
\calc@Askip=\skip43
\calc@Bskip=\skip44
LaTeX Info: Redefining \setlength on input line 76.
LaTeX Info: Redefining \addtolength on input line 77.
\calc@Ccount=\count82
\calc@Cskip=\skip45
)
(C:\Users\456388.NET\AppData\Roaming\MiKTeX\2.9\tex\latex\lastpage\lastpage.sty

LaTeX Warning: You have requested release `2014/05/01' of LaTeX,
               but only release `2011/06/27' is available.

Package: lastpage 2015/03/29 v1.2m Refers to last page's name (HMM; JPG)
) ("C:\Program Files\MiKTeX 2.9\tex\latex\graphics\color.sty"
Package: color 2005/11/14 v1.0j Standard LaTeX Color (DPC)

("C:\Program Files\MiKTeX 2.9\tex\latex\00miktex\color.cfg"
File: color.cfg 2007/01/18 v1.5 color configuration of teTeX/TeXLive
)
Package color Info: Driver file: pdftex.def on input line 130.
)
(C:\Users\456388.NET\AppData\Roaming\MiKTeX\2.9\tex\latex\endnotes\endnotes.sty
\c@endnote=\count83
\endnotesep=\dimen114
\@enotes=\write3
) ("C:\Program Files\MiKTeX 2.9\tex\latex\amsmath\amsmath.sty"
Package: amsmath 2013/01/14 v2.14 AMS math features
\@mathmargin=\skip46

For additional information on amsmath, use the `?' option.
("C:\Program Files\MiKTeX 2.9\tex\latex\amsmath\amstext.sty"
Package: amstext 2000/06/29 v2.01

("C:\Program Files\MiKTeX 2.9\tex\latex\amsmath\amsgen.sty"
File: amsgen.sty 1999/11/30 v2.0
\@emptytoks=\toks15
\ex@=\dimen115
))
("C:\Program Files\MiKTeX 2.9\tex\latex\amsmath\amsbsy.sty"
Package: amsbsy 1999/11/29 v1.2d
\pmbraise@=\dimen116
)
("C:\Program Files\MiKTeX 2.9\tex\latex\amsmath\amsopn.sty"
Package: amsopn 1999/12/14 v2.01 operator names
)
\inf@bad=\count84
LaTeX Info: Redefining \frac on input line 210.
\uproot@=\count85
\leftroot@=\count86
LaTeX Info: Redefining \overline on input line 306.
\classnum@=\count87
\DOTSCASE@=\count88
LaTeX Info: Redefining \ldots on input line 378.
LaTeX Info: Redefining \dots on input line 381.
LaTeX Info: Redefining \cdots on input line 466.
\Mathstrutbox@=\box26
\strutbox@=\box27
\big@size=\dimen117
LaTeX Font Info:    Redeclaring font encoding OML on input line 566.
LaTeX Font Info:    Redeclaring font encoding OMS on input line 567.
\macc@depth=\count89
\c@MaxMatrixCols=\count90
\dotsspace@=\muskip10
\c@parentequation=\count91
\dspbrk@lvl=\count92
\tag@help=\toks16
\row@=\count93
\column@=\count94
\maxfields@=\count95
\andhelp@=\toks17
\eqnshift@=\dimen118
\alignsep@=\dimen119
\tagshift@=\dimen120
\tagwidth@=\dimen121
\totwidth@=\dimen122
\lineht@=\dimen123
\@envbody=\toks18
\multlinegap=\skip47
\multlinetaggap=\skip48
\mathdisplay@stack=\toks19
LaTeX Info: Redefining \[ on input line 2665.
LaTeX Info: Redefining \] on input line 2666.
)
("C:\Program Files\MiKTeX 2.9\tex\latex\amsfonts\amsfonts.sty"
Package: amsfonts 2013/01/14 v3.01 Basic AMSFonts support
\symAMSa=\mathgroup4
\symAMSb=\mathgroup5
LaTeX Font Info:    Overwriting math alphabet `\mathfrak' in version `bold'
(Font)                  U/euf/m/n --> U/euf/b/n on input line 106.
)
("C:\Program Files\MiKTeX 2.9\tex\latex\amsfonts\amssymb.sty"
Package: amssymb 2013/01/14 v3.01 AMS font symbols
)
("C:\Program Files\MiKTeX 2.9\tex\latex\tools\bm.sty"
Package: bm 2004/02/26 v1.1c Bold Symbol Support (DPC/FMi)
\symboldoperators=\mathgroup6
\symboldletters=\mathgroup7
\symboldsymbols=\mathgroup8
LaTeX Font Info:    Redeclaring math alphabet \mathbf on input line 138.
LaTeX Info: Redefining \bm on input line 204.
)
("C:\Program Files\MiKTeX 2.9\tex\latex\base\latexsym.sty"
Package: latexsym 1998/08/17 v2.2e Standard LaTeX package (lasy symbols)
\symlasy=\mathgroup9
LaTeX Font Info:    Overwriting symbol font `lasy' in version `bold'
(Font)                  U/lasy/m/n --> U/lasy/b/n on input line 47.
)
("C:\Program Files\MiKTeX 2.9\tex\latex\base\fontenc.sty"
Package: fontenc 2005/09/27 v1.99g Standard LaTeX package

(C:\Users\456388.NET\AppData\Roaming\MiKTeX\2.9\tex\latex\ly1\ly1enc.def
File: ly1enc.def 2009/07/22 v0.7 TeX 'n ANSI encoding (DPC/KB)
)
LaTeX Font Info:    Try loading font information for LY1+ptm on input line 100.


(C:\Users\456388.NET\AppData\Roaming\MiKTeX\2.9\tex\latex\ly1\ly1ptm.fd
File: ly1ptm.fd 2001/02/01 font definitions for LY1/ptm using Berry names.
))
("C:\Program Files\MiKTeX 2.9\tex\latex\base\size10.clo"
File: size10.clo 2007/10/19 v1.4h Standard LaTeX file (size option)
)
\markwidth=\dimen124
\blth=\dimen125
\marklength=\dimen126
\markdistance=\dimen127
\trimwidth=\dimen128
\trimheight=\dimen129
\auxaaa=\dimen130
\auxbbb=\dimen131
\auxccc=\dimen132
\auxddd=\dimen133
\t@abstract=\box28
\t@receivedname=\box29
\temptbox=\box30
\tempdime=\dimen134
\t@bio=\box31

("C:\Program Files\MiKTeX 2.9\tex\latex\tools\theorem.sty"
Package: theorem 1995/11/23 v2.2c Theorem extension package (FMi)
\theorem@style=\toks20
\theorem@bodyfont=\toks21
\theorempreskipamount=\skip49
\theorempostskipamount=\skip50

("C:\Program Files\MiKTeX 2.9\tex\latex\tools\thp.sty"
File: thp.sty 1995/11/23 v2.2c Theorem extension package (FMi)
))
\c@part=\count96
\c@section=\count97
\c@subsection=\count98
\c@subsubsection=\count99
\c@paragraph=\count100
\c@subparagraph=\count101
\mathindent=\dimen135
\mathindent=\dimen136
\c@figure=\count102
\c@table=\count103
\abovecaptionskip=\skip51
\belowcaptionskip=\skip52
\@tempboxb=\box32
\boxH=\box33
\boxHrunin=\box34
\temptbox=\box35
\temptboxA=\box36
\tempdime=\dimen137
\tempdimeA=\dimen138
\rboxh=\dimen139
\rboxw=\dimen140
)
(C:\Users\456388.NET\AppData\Roaming\MiKTeX\2.9\tex\latex\natbib\natbib.sty
Package: natbib 2010/09/13 8.31b (PWD, AO)
\bibhang=\skip53
\bibsep=\skip54
LaTeX Info: Redefining \cite on input line 694.
\c@NAT@ctr=\count104
)
(C:\Users\456388.NET\AppData\Roaming\MiKTeX\2.9\tex\latex\sttools\stfloats.sty
Package: stfloats 2012/05/29 v1.1 Improve float mechanism and baselineskip sett
ings
\@dblbotnum=\count105
\c@dblbotnumber=\count106
) ("C:\Program Files\MiKTeX 2.9\tex\latex\jknappen\mathrsfs.sty"
Package: mathrsfs 1996/01/01 Math RSFS package v1.0 (jk)
\symrsfs=\mathgroup10
)
(C:\Users\456388.NET\AppData\Roaming\MiKTeX\2.9\tex\latex\was\upgreek.sty
Package: upgreek 2003/02/12 v2.0 (WaS)
Package upgreek Info: Using Euler Roman for upright Greek on input line 31.
\symugrf@m=\mathgroup11
LaTeX Font Info:    Overwriting symbol font `ugrf@m' in version `bold'
(Font)                  U/eur/m/n --> U/eur/b/n on input line 38.
)
("C:\Program Files\MiKTeX 2.9\tex\latex\graphics\graphicx.sty"
Package: graphicx 1999/02/16 v1.0f Enhanced LaTeX Graphics (DPC,SPQR)

("C:\Program Files\MiKTeX 2.9\tex\latex\graphics\keyval.sty"
Package: keyval 1999/03/16 v1.13 key=value parser (DPC)
\KV@toks@=\toks22
)
\Gin@req@height=\dimen141
\Gin@req@width=\dimen142
)
(C:\Users\456388.NET\AppData\Roaming\MiKTeX\2.9\tex\latex\algorithms\algorithm.
sty
Package: algorithm 2009/08/24 v0.1 Document Style `algorithm' - floating enviro
nment
 ("C:\Program Files\MiKTeX 2.9\tex\latex\float\float.sty"
Package: float 2001/11/08 v1.3d Float enhancements (AL)
\c@float@type=\count107
\float@exts=\toks23
\float@box=\box37
\@float@everytoks=\toks24
\@floatcapt=\box38
)
\@float@every@algorithm=\toks25
\c@algorithm=\count108
)
(C:\Users\456388.NET\AppData\Roaming\MiKTeX\2.9\tex\latex\booktabs\booktabs.sty
Package: booktabs 2005/04/14 v1.61803 publication quality tables
\heavyrulewidth=\dimen143
\lightrulewidth=\dimen144
\cmidrulewidth=\dimen145
\belowrulesep=\dimen146
\belowbottomsep=\dimen147
\aboverulesep=\dimen148
\abovetopsep=\dimen149
\cmidrulesep=\dimen150
\cmidrulekern=\dimen151
\defaultaddspace=\dimen152
\@cmidla=\count109
\@cmidlb=\count110
\@aboverulesep=\dimen153
\@belowrulesep=\dimen154
\@thisruleclass=\count111
\@lastruleclass=\count112
\@thisrulewidth=\dimen155
)
(C:\Users\456388.NET\AppData\Roaming\MiKTeX\2.9\tex\latex\algorithmicx\algpseud
ocode.sty
Package: algpseudocode 

(C:\Users\456388.NET\AppData\Roaming\MiKTeX\2.9\tex\latex\algorithmicx\algorith
micx.sty
Package: algorithmicx 2005/04/27 v1.2 Algorithmicx

Document Style algorithmicx 1.2 - a greatly improved `algorithmic' style
\c@ALG@line=\count113
\c@ALG@rem=\count114
\c@ALG@nested=\count115
\ALG@tlm=\skip55
\ALG@thistlm=\skip56
\c@ALG@Lnr=\count116
\c@ALG@blocknr=\count117
\c@ALG@storecount=\count118
\c@ALG@tmpcounter=\count119
\ALG@tmplength=\skip57
)
Document Style - pseudocode environments for use with the `algorithmicx' style
)
(C:\Users\456388.NET\AppData\Roaming\MiKTeX\2.9\tex\latex\algorithmicx\algcompa
tible.sty
Package: algcompatible 

Document Style - algorithmic compatible environments for the `algorithmicx' sty
le
)
\c@lemma=\count120
\c@definition=\count121
\c@question=\count122
\c@remark=\count123
\c@scheme=\count124
\c@case=\count125

("C:\Users\456388.NET\OneDrive\Paper to Publish\new plan with yusuf\Sohag-Proje
ct\International Journal of Information and Communication Technology\Our Manusc
ript\manuscript.aux")
LaTeX Font Info:    Checking defaults for OML/cmm/m/it on input line 65.
LaTeX Font Info:    ... okay on input line 65.
LaTeX Font Info:    Checking defaults for T1/cmr/m/n on input line 65.
LaTeX Font Info:    ... okay on input line 65.
LaTeX Font Info:    Checking defaults for OT1/cmr/m/n on input line 65.
LaTeX Font Info:    ... okay on input line 65.
LaTeX Font Info:    Checking defaults for OMS/cmsy/m/n on input line 65.
LaTeX Font Info:    ... okay on input line 65.
LaTeX Font Info:    Checking defaults for OMX/cmex/m/n on input line 65.
LaTeX Font Info:    ... okay on input line 65.
LaTeX Font Info:    Checking defaults for U/cmr/m/n on input line 65.
LaTeX Font Info:    ... okay on input line 65.
LaTeX Font Info:    Checking defaults for LY1/ptm/m/n on input line 65.
LaTeX Font Info:    ... okay on input line 65.

(C:\Users\456388.NET\AppData\Roaming\MiKTeX\2.9\tex\context\base\supp-pdf.mkii
[Loading MPS to PDF converter (version 2006.09.02).]
\scratchcounter=\count126
\scratchdimen=\dimen156
\scratchbox=\box39
\nofMPsegments=\count127
\nofMParguments=\count128
\everyMPshowfont=\toks26
\MPscratchCnt=\count129
\MPscratchDim=\dimen157
\MPnumerator=\count130
\makeMPintoPDFobject=\count131
\everyMPtoPDFconversion=\toks27
)
Package lastpage Info: Please have a look at the pageslts package at
(lastpage)             https://www.ctan.org/pkg/pageslts
(lastpage)             ! on input line 65.

Overfull \hbox (24.0pt too wide) in paragraph at lines 113--113
[][]|  
 []


Overfull \hbox (24.0pt too wide) in paragraph at lines 113--113
|[]  
 []

LaTeX Font Info:    Try loading font information for U+msa on input line 119.
("C:\Program Files\MiKTeX 2.9\tex\latex\amsfonts\umsa.fd"
File: umsa.fd 2013/01/14 v3.01 AMS symbols A
)
LaTeX Font Info:    Try loading font information for U+msb on input line 119.

("C:\Program Files\MiKTeX 2.9\tex\latex\amsfonts\umsb.fd"
File: umsb.fd 2013/01/14 v3.01 AMS symbols B
)
LaTeX Font Info:    Try loading font information for U+lasy on input line 119.

("C:\Program Files\MiKTeX 2.9\tex\latex\base\ulasy.fd"
File: ulasy.fd 1998/08/17 v2.2e LaTeX symbol font definitions
)
LaTeX Font Info:    Try loading font information for U+rsfs on input line 119.

("C:\Program Files\MiKTeX 2.9\tex\latex\jknappen\ursfs.fd"
File: ursfs.fd 1998/03/24 rsfs font definition file (jk)
) [1

{C:/Users/456388.NET/AppData/Local/MiKTeX/2.9/pdftex/config/pdftex.map}]
Underfull \hbox (badness 10000) has occurred while \output is active
\LY1/ptm/m/n/10 2| 
 []


Overfull \hbox (2.5pt too wide) has occurred while \output is active
|[][]
 []

[2]
Overfull \hbox (2.5pt too wide) has occurred while \output is active
|[][]
 []

[3]
Underfull \hbox (badness 1033) in paragraph at lines 174--176
\LY1/ptm/m/n/10 algorithm to completely perform Huffman encoding and decoding i
s explained in
 []


Underfull \hbox (badness 10000) has occurred while \output is active
\LY1/ptm/m/n/10 4| 
 []


Overfull \hbox (2.5pt too wide) has occurred while \output is active
|[][]
 []

[4] <Images/Drawing3_1.jpg, id=23, 605.26125pt x 709.65125pt>
File: Images/Drawing3_1.jpg Graphic file (type jpg)

<use Images/Drawing3_1.jpg>
Package pdftex.def Info: Images/Drawing3_1.jpg used on input line 217.
(pdftex.def)             Requested size: 181.57976pt x 212.897pt.

Overfull \hbox (2.5pt too wide) has occurred while \output is active
|[][]
 []

[5 <C:/Users/456388.NET/OneDrive/Paper to Publish/new plan with yusuf/Sohag-Pro
ject/International Journal of Information and Communication Technology/Our Manu
script/Images/Drawing3_1.jpg>]
Underfull \hbox (badness 10000) in paragraph at lines 272--276

 []


Underfull \hbox (badness 10000) has occurred while \output is active
\LY1/ptm/m/n/10 6| 
 []


Overfull \hbox (2.5pt too wide) has occurred while \output is active
|[][]
 []

[6]
Overfull \hbox (2.5pt too wide) has occurred while \output is active
|[][]
 []

[7]
Underfull \hbox (badness 10000) has occurred while \output is active
\LY1/ptm/m/n/10 8| 
 []


Overfull \hbox (2.5pt too wide) has occurred while \output is active
|[][]
 []

[8] <Images/Drawing2.jpg, id=39, 794.97pt x 394.47375pt>
File: Images/Drawing2.jpg Graphic file (type jpg)

<use Images/Drawing2.jpg>
Package pdftex.def Info: Images/Drawing2.jpg used on input line 318.
(pdftex.def)             Requested size: 317.98236pt x 157.7867pt.
 <Images/Drawing_1.jpg, id=40, 658.46pt x 242.9075pt>
File: Images/Drawing_1.jpg Graphic file (type jpg)

<use Images/Drawing_1.jpg>
Package pdftex.def Info: Images/Drawing_1.jpg used on input line 326.
(pdftex.def)             Requested size: 296.30426pt x 109.30736pt.


LaTeX Warning: `h' float specifier changed to `ht'.


Overfull \hbox (2.5pt too wide) has occurred while \output is active
|[][]
 []

[9 <C:/Users/456388.NET/OneDrive/Paper to Publish/new plan with yusuf/Sohag-Pro
ject/International Journal of Information and Communication Technology/Our Manu
script/Images/Drawing2.jpg>]
<Images/drawing4_1.jpg, id=44, 875.27pt x 471.7625pt>
File: Images/drawing4_1.jpg Graphic file (type jpg)

<use Images/drawing4_1.jpg>
Package pdftex.def Info: Images/drawing4_1.jpg used on input line 346.
(pdftex.def)             Requested size: 350.10179pt x 188.70164pt.


LaTeX Warning: `h' float specifier changed to `ht'.


Underfull \hbox (badness 10000) has occurred while \output is active
\LY1/ptm/m/n/10 10| 
 []


Overfull \hbox (2.5pt too wide) has occurred while \output is active
|[][]
 []

[10 <C:/Users/456388.NET/OneDrive/Paper to Publish/new plan with yusuf/Sohag-Pr
oject/International Journal of Information and Communication Technology/Our Man
uscript/Images/Drawing_1.jpg>]
Overfull \hbox (2.5pt too wide) has occurred while \output is active
|[][]
 []

[11]
Underfull \hbox (badness 10000) has occurred while \output is active
\LY1/ptm/m/n/10 12| 
 []


Overfull \hbox (2.5pt too wide) has occurred while \output is active
|[][]
 []

[12]
Underfull \vbox (badness 3746) has occurred while \output is active []


Overfull \hbox (2.5pt too wide) has occurred while \output is active
|[][]
 []

[13 <C:/Users/456388.NET/OneDrive/Paper to Publish/new plan with yusuf/Sohag-Pr
oject/International Journal of Information and Communication Technology/Our Man
uscript/Images/drawing4_1.jpg>]
Underfull \hbox (badness 10000) has occurred while \output is active
\LY1/ptm/m/n/10 14| 
 []


Overfull \hbox (2.5pt too wide) has occurred while \output is active
|[][]
 []

[14]
Underfull \hbox (badness 5403) in paragraph at lines 622--624
[]\LY1/ptm/m/n/10 Redmond, W. A. (1964) `International morse code', \LY1/ptm/m/
it/10 Microsoft Encarta 2009
 []


AED: lastpage setting LastPage

Overfull \hbox (2.5pt too wide) has occurred while \output is active
|[][]
 []

[15]
("C:\Users\456388.NET\OneDrive\Paper to Publish\new plan with yusuf\Sohag-Proje
ct\International Journal of Information and Communication Technology\Our Manusc
ript\manuscript.aux") ) 
Here is how much of TeX's memory you used:
 4594 strings out of 493921
 59100 string characters out of 3147267
 129750 words of memory out of 3000000
 7764 multiletter control sequences out of 15000+200000
 34544 words of font info for 81 fonts, out of 3000000 for 9000
 841 hyphenation exceptions out of 8191
 34i,14n,27p,1800b,379s stack positions out of 5000i,500n,10000p,200000b,50000s
{C:/Users/456388.NET/AppData/Roaming/MiKTeX/2.9/fonts/en
c/dvips/ly1/texnansi.enc}<C:/Program Files/MiKTeX 2.9/fonts/type1/public/amsfon
ts/cm/cmex10.pfb><C:/Program Files/MiKTeX 2.9/fonts/type1/public/amsfonts/cm/cm
mi10.pfb><C:/Program Files/MiKTeX 2.9/fonts/type1/public/amsfonts/cm/cmmi5.pfb>
<C:/Program Files/MiKTeX 2.9/fonts/type1/public/amsfonts/cm/cmmi7.pfb><C:/Progr
am Files/MiKTeX 2.9/fonts/type1/public/amsfonts/cm/cmmi9.pfb><C:/Program Files/
MiKTeX 2.9/fonts/type1/public/amsfonts/cm/cmr10.pfb><C:/Program Files/MiKTeX 2.
9/fonts/type1/public/amsfonts/cm/cmr7.pfb><C:/Program Files/MiKTeX 2.9/fonts/ty
pe1/public/amsfonts/cm/cmr9.pfb><C:/Program Files/MiKTeX 2.9/fonts/type1/public
/amsfonts/cm/cmsy10.pfb><C:/Program Files/MiKTeX 2.9/fonts/type1/public/amsfont
s/symbols/msam10.pfb><C:/Program Files/MiKTeX 2.9/fonts/type1/urw/times/utmb8a.
pfb><C:/Program Files/MiKTeX 2.9/fonts/type1/urw/times/utmr8a.pfb><C:/Program F
iles/MiKTeX 2.9/fonts/type1/urw/times/utmri8a.pfb>
Output written on manuscript.pdf (15 pages, 518528 bytes).
PDF statistics:
 108 PDF objects out of 1000 (max. 8388607)
 0 named destinations out of 1000 (max. 500000)
 21 words of extra memory for PDF output out of 10000 (max. 10000000)

